<?xml version="1.0" encoding="UTF-8"?>
<!-- Generated by org.testng.reporters.JUnitReportReporter -->
<testsuite skipped="0" hostname="WL354278" name="practice.TV_Schedule_regionsFewDays" tests="1" failures="0" timestamp="15 paÅº 2019 09:32:19 GMT" time="5.938" errors="0">
  <testcase name="regionsNavigation" time="5.938" classname="practice.TV_Schedule_regionsFewDays"/>
</testsuite> <!-- practice.TV_Schedule_regionsFewDays -->
