<?xml version="1.0" encoding="UTF-8"?>
<!-- Generated by org.testng.reporters.JUnitReportReporter -->
<testsuite skipped="0" hostname="WL354278" name="practice.Weather_Settings_TemperatureWind" tests="1" failures="0" timestamp="23 lis 2019 23:37:06 GMT" time="0.101" errors="0">
  <testcase name="tempWindDefault" time="0.101" classname="practice.Weather_Settings_TemperatureWind"/>
</testsuite> <!-- practice.Weather_Settings_TemperatureWind -->
