<?xml version="1.0" encoding="UTF-8"?>
<!-- Generated by org.testng.reporters.JUnitReportReporter -->
<testsuite skipped="0" hostname="WL354278" name="practice.SignIn" tests="3" failures="0" timestamp="30 lis 2019 22:01:49 GMT" time="31.017" errors="0">
  <testcase name="signIn" time="9.542" classname="practice.SignIn"/>
  <testcase name="signIn" time="9.961" classname="practice.SignIn"/>
  <testcase name="signIn" time="11.514" classname="practice.SignIn"/>
</testsuite> <!-- practice.SignIn -->
