<?xml version="1.0" encoding="UTF-8"?>
<!-- Generated by org.testng.reporters.JUnitReportReporter -->
<testsuite skipped="0" hostname="WL354278" name="practice.Weather_Settings_TemperatureWind" tests="1" failures="0" timestamp="10 gru 2019 11:39:16 GMT" time="0.482" errors="0">
  <testcase name="tempWindDefault" time="0.482" classname="practice.Weather_Settings_TemperatureWind"/>
</testsuite> <!-- practice.Weather_Settings_TemperatureWind -->
