<?xml version="1.0" encoding="UTF-8"?>
<!-- Generated by org.testng.reporters.JUnitReportReporter -->
<testsuite skipped="0" hostname="WL354278" name="practice.TV_Schedule_regionAnotherDay" tests="1" failures="0" timestamp="10 gru 2019 11:39:16 GMT" time="9.998" errors="0">
  <testcase name="regionsNavigation" time="9.998" classname="practice.TV_Schedule_regionAnotherDay"/>
</testsuite> <!-- practice.TV_Schedule_regionAnotherDay -->
