<?xml version="1.0" encoding="UTF-8"?>
<!-- Generated by org.testng.reporters.JUnitReportReporter -->
<testsuite skipped="0" hostname="WL354278" name="practice.TV_Schedule_tomorrow" tests="1" failures="0" timestamp="10 gru 2019 11:39:16 GMT" time="4.082" errors="0">
  <testcase name="tomorrowLink" time="4.082" classname="practice.TV_Schedule_tomorrow"/>
</testsuite> <!-- practice.TV_Schedule_tomorrow -->
