<?xml version="1.0" encoding="UTF-8"?>
<!-- Generated by org.testng.reporters.JUnitReportReporter -->
<testsuite skipped="0" hostname="WL354278" name="practice.HomePage_TopMenu_NewWindows" tests="1" failures="0" timestamp="10 gru 2019 11:39:16 GMT" time="147.073" errors="0">
  <testcase name="mainMenuTabs" time="147.073" classname="practice.HomePage_TopMenu_NewWindows"/>
</testsuite> <!-- practice.HomePage_TopMenu_NewWindows -->
