<?xml version="1.0" encoding="UTF-8"?>
<!-- Generated by org.testng.reporters.JUnitReportReporter -->
<testsuite skipped="0" hostname="WL354278" name="practice.TV_Schedule_tomorrow" tests="1" failures="0" timestamp="23 lis 2019 23:37:06 GMT" time="2.619" errors="0">
  <testcase name="tomorrowLink" time="2.619" classname="practice.TV_Schedule_tomorrow"/>
</testsuite> <!-- practice.TV_Schedule_tomorrow -->
