<?xml version="1.0" encoding="UTF-8"?>
<!-- Generated by org.testng.reporters.JUnitReportReporter -->
<testsuite skipped="0" hostname="WL354278" name="practice.Weather_Settings_Temperature" tests="1" failures="0" timestamp="23 lis 2019 23:37:06 GMT" time="7.753" errors="0">
  <testcase name="temperatureList" time="7.753" classname="practice.Weather_Settings_Temperature"/>
</testsuite> <!-- practice.Weather_Settings_Temperature -->
