<?xml version="1.0" encoding="UTF-8"?>
<!-- Generated by org.testng.reporters.JUnitReportReporter -->
<testsuite skipped="0" hostname="WL354278" name="practice.Weather_Settings_Language" tests="1" failures="0" timestamp="24 lis 2019 22:32:29 GMT" time="13.520" errors="0">
  <testcase name="languageList" time="13.520" classname="practice.Weather_Settings_Language"/>
</testsuite> <!-- practice.Weather_Settings_Language -->
