<?xml version="1.0" encoding="UTF-8"?>
<!-- Generated by org.testng.reporters.JUnitReportReporter -->
<testsuite skipped="0" hostname="WL354278" name="practice.Weather_Settings_Wind" tests="1" failures="0" timestamp="24 lis 2019 22:32:29 GMT" time="7.284" errors="0">
  <testcase name="windSpeedList" time="7.284" classname="practice.Weather_Settings_Wind"/>
</testsuite> <!-- practice.Weather_Settings_Wind -->
