<?xml version="1.0" encoding="UTF-8"?>
<!-- Generated by org.testng.reporters.JUnitReportReporter -->
<testsuite skipped="0" hostname="WL354278" name="practice.Weather_Settings_Wind" tests="1" failures="0" timestamp="10 gru 2019 11:39:16 GMT" time="11.606" errors="0">
  <testcase name="windSpeedList" time="11.606" classname="practice.Weather_Settings_Wind"/>
</testsuite> <!-- practice.Weather_Settings_Wind -->
