<?xml version="1.0" encoding="UTF-8"?>
<!-- Generated by org.testng.reporters.JUnitReportReporter -->
<testsuite skipped="0" hostname="WL354278" name="practice.HomePage_TopMenu_NewWindows" tests="1" failures="0" timestamp="24 lis 2019 22:32:29 GMT" time="43.509" errors="0">
  <testcase name="mainMenuTabs" time="43.509" classname="practice.HomePage_TopMenu_NewWindows"/>
</testsuite> <!-- practice.HomePage_TopMenu_NewWindows -->
