<?xml version="1.0" encoding="UTF-8"?>
<!-- Generated by org.testng.reporters.JUnitReportReporter -->
<testsuite skipped="0" hostname="WL354278" name="practice.TV_Schedule_today" tests="1" failures="0" timestamp="10 gru 2019 11:39:16 GMT" time="0.102" errors="0">
  <testcase name="todaySchedule" time="0.102" classname="practice.TV_Schedule_today"/>
</testsuite> <!-- practice.TV_Schedule_today -->
