<?xml version="1.0" encoding="UTF-8"?>
<!-- Generated by org.testng.reporters.JUnitReportReporter -->
<testsuite skipped="0" hostname="WL354278" name="practice.Weather_Settings_Temperature" tests="1" failures="0" timestamp="10 gru 2019 11:39:16 GMT" time="11.460" errors="0">
  <testcase name="temperatureList" time="11.460" classname="practice.Weather_Settings_Temperature"/>
</testsuite> <!-- practice.Weather_Settings_Temperature -->
