<?xml version="1.0" encoding="UTF-8"?>
<!-- Generated by org.testng.reporters.JUnitReportReporter -->
<testsuite hostname="WL354278" name="practice.Weather_Settings_TemperatureWind" tests="1" failures="0" timestamp="11 Nov 2019 18:49:59 GMT" time="0.261" errors="0">
  <testcase name="tempWindDefault" time="0.261" classname="practice.Weather_Settings_TemperatureWind"/>
</testsuite> <!-- practice.Weather_Settings_TemperatureWind -->
