<?xml version="1.0" encoding="UTF-8"?>
<!-- Generated by org.testng.reporters.JUnitReportReporter -->
<testsuite hostname="WL354278" name="practice.TV_Schedule_regionAnotherDay" tests="1" failures="0" timestamp="11 Nov 2019 18:49:59 GMT" time="7.051" errors="0">
  <testcase name="regionsNavigation" time="7.051" classname="practice.TV_Schedule_regionAnotherDay"/>
</testsuite> <!-- practice.TV_Schedule_regionAnotherDay -->
