<?xml version="1.0" encoding="UTF-8"?>
<!-- Generated by org.testng.reporters.JUnitReportReporter -->
<testsuite hostname="WL354278" name="practice.TV_Schedule_tomorrow" tests="1" failures="0" timestamp="11 Nov 2019 18:49:59 GMT" time="3.183" errors="0">
  <testcase name="tomorrowLink" time="3.183" classname="practice.TV_Schedule_tomorrow"/>
</testsuite> <!-- practice.TV_Schedule_tomorrow -->
