<?xml version="1.0" encoding="UTF-8"?>
<!-- Generated by org.testng.reporters.JUnitReportReporter -->
<testsuite hostname="WL354278" name="practice.Weather_Settings_Wind" tests="1" failures="0" timestamp="11 Nov 2019 18:49:59 GMT" time="8.581" errors="0">
  <testcase name="windSpeedList" time="8.581" classname="practice.Weather_Settings_Wind"/>
</testsuite> <!-- practice.Weather_Settings_Wind -->
