<?xml version="1.0" encoding="UTF-8"?>
<!-- Generated by org.testng.reporters.JUnitReportReporter -->
<testsuite hostname="WL354278" name="practice.Weather_Settings_Language" tests="1" failures="0" timestamp="11 Nov 2019 18:49:59 GMT" time="22.484" errors="0">
  <testcase name="languageList" time="22.484" classname="practice.Weather_Settings_Language"/>
</testsuite> <!-- practice.Weather_Settings_Language -->
