<?xml version="1.0" encoding="UTF-8"?>
<!-- Generated by org.testng.reporters.JUnitReportReporter -->
<testsuite hostname="WL354278" name="practice.HomePage_TopMenu_NewWindows" tests="1" failures="0" timestamp="11 Nov 2019 18:49:59 GMT" time="55.617" errors="0">
  <testcase name="mainMenuTabs" time="55.617" classname="practice.HomePage_TopMenu_NewWindows"/>
</testsuite> <!-- practice.HomePage_TopMenu_NewWindows -->
